[30-Apr-2023 11:27:40] NOTICE: fpm is running, pid 20553
[30-Apr-2023 11:27:40] NOTICE: ready to handle connections
[30-Apr-2023 11:36:50] NOTICE: Terminating ...
[30-Apr-2023 11:36:50] NOTICE: Terminating ...
[30-Apr-2023 11:36:50] NOTICE: exiting, bye-bye!
[04-May-2023 12:29:54] NOTICE: fpm is running, pid 36594
[04-May-2023 12:29:54] NOTICE: ready to handle connections
[04-May-2023 12:52:08] NOTICE: Terminating ...
[04-May-2023 12:52:08] NOTICE: Terminating ...
[04-May-2023 12:52:08] NOTICE: exiting, bye-bye!
[04-May-2023 12:52:11] NOTICE: fpm is running, pid 37771
[04-May-2023 12:52:11] NOTICE: ready to handle connections
[04-May-2023 13:13:17] NOTICE: Terminating ...
[04-May-2023 13:13:17] NOTICE: Terminating ...
[04-May-2023 13:13:17] NOTICE: exiting, bye-bye!
[04-May-2023 15:32:24] NOTICE: fpm is running, pid 39602
[04-May-2023 15:32:24] NOTICE: ready to handle connections
[04-May-2023 15:45:21] NOTICE: Terminating ...
[04-May-2023 15:45:21] NOTICE: Terminating ...
[04-May-2023 15:45:21] NOTICE: exiting, bye-bye!
[05-May-2023 06:50:02] NOTICE: fpm is running, pid 41448
[05-May-2023 06:50:02] NOTICE: ready to handle connections
[05-May-2023 07:29:27] NOTICE: Terminating ...
[05-May-2023 07:29:27] NOTICE: Terminating ...
[05-May-2023 07:29:27] NOTICE: exiting, bye-bye!
